{"/home/last/Coding/FullStackOpen/part5/bloglist-frontend/src/App.jsx": {"path":"/home/last/Coding/FullStackOpen/part5/bloglist-frontend/src/App.jsx","statementMap":{"0":{"start":{"line":12,"column":12},"end":{"line":71,"column":1}},"1":{"start":{"line":13,"column":28},"end":{"line":13,"column":42}},"2":{"start":{"line":14,"column":30},"end":{"line":14,"column":42}},"3":{"start":{"line":15,"column":32},"end":{"line":18,"column":6}},"4":{"start":{"line":21,"column":4},"end":{"line":23,"column":11}},"5":{"start":{"line":22,"column":8},"end":{"line":22,"column":62}},"6":{"start":{"line":22,"column":45},"end":{"line":22,"column":60}},"7":{"start":{"line":26,"column":4},"end":{"line":33,"column":11}},"8":{"start":{"line":27,"column":31},"end":{"line":27,"column":79}},"9":{"start":{"line":28,"column":8},"end":{"line":32,"column":9}},"10":{"start":{"line":29,"column":25},"end":{"line":29,"column":51}},"11":{"start":{"line":30,"column":12},"end":{"line":30,"column":26}},"12":{"start":{"line":31,"column":12},"end":{"line":31,"column":45}},"13":{"start":{"line":35,"column":19},"end":{"line":38,"column":5}},"14":{"start":{"line":36,"column":8},"end":{"line":36,"column":60}},"15":{"start":{"line":37,"column":8},"end":{"line":37,"column":22}},"16":{"start":{"line":41,"column":4},"end":{"line":70,"column":5}},"17":{"start":{"line":42,"column":8},"end":{"line":47,"column":10}},"18":{"start":{"line":49,"column":8},"end":{"line":69,"column":10}}},"fnMap":{"0":{"name":"(anonymous_0)","decl":{"start":{"line":12,"column":12},"end":{"line":12,"column":13}},"loc":{"start":{"line":12,"column":18},"end":{"line":71,"column":1}},"line":12},"1":{"name":"(anonymous_1)","decl":{"start":{"line":21,"column":14},"end":{"line":21,"column":15}},"loc":{"start":{"line":21,"column":20},"end":{"line":23,"column":5}},"line":21},"2":{"name":"(anonymous_2)","decl":{"start":{"line":22,"column":34},"end":{"line":22,"column":35}},"loc":{"start":{"line":22,"column":45},"end":{"line":22,"column":60}},"line":22},"3":{"name":"(anonymous_3)","decl":{"start":{"line":26,"column":14},"end":{"line":26,"column":15}},"loc":{"start":{"line":26,"column":20},"end":{"line":33,"column":5}},"line":26},"4":{"name":"(anonymous_4)","decl":{"start":{"line":35,"column":19},"end":{"line":35,"column":20}},"loc":{"start":{"line":35,"column":25},"end":{"line":38,"column":5}},"line":35}},"branchMap":{"0":{"loc":{"start":{"line":28,"column":8},"end":{"line":32,"column":9}},"type":"if","locations":[{"start":{"line":28,"column":8},"end":{"line":32,"column":9}},{"start":{},"end":{}}],"line":28},"1":{"loc":{"start":{"line":41,"column":4},"end":{"line":70,"column":5}},"type":"if","locations":[{"start":{"line":41,"column":4},"end":{"line":70,"column":5}},{"start":{"line":48,"column":11},"end":{"line":70,"column":5}}],"line":41}},"s":{"0":0,"1":0,"2":0,"3":0,"4":0,"5":0,"6":0,"7":0,"8":0,"9":0,"10":0,"11":0,"12":0,"13":0,"14":0,"15":0,"16":0,"17":0,"18":0},"f":{"0":0,"1":0,"2":0,"3":0,"4":0},"b":{"0":[0,0],"1":[0,0]}}
,"/home/last/Coding/FullStackOpen/part5/bloglist-frontend/src/main.jsx": {"path":"/home/last/Coding/FullStackOpen/part5/bloglist-frontend/src/main.jsx","statementMap":{"0":{"start":{"line":4,"column":0},"end":{"line":4,"column":69}}},"fnMap":{},"branchMap":{},"s":{"0":0},"f":{},"b":{}}
,"/home/last/Coding/FullStackOpen/part5/bloglist-frontend/src/components/BlogForm.jsx": {"path":"/home/last/Coding/FullStackOpen/part5/bloglist-frontend/src/components/BlogForm.jsx","statementMap":{"0":{"start":{"line":4,"column":17},"end":{"line":92,"column":1}},"1":{"start":{"line":5,"column":30},"end":{"line":5,"column":42}},"2":{"start":{"line":6,"column":32},"end":{"line":6,"column":44}},"3":{"start":{"line":7,"column":26},"end":{"line":7,"column":38}},"4":{"start":{"line":9,"column":30},"end":{"line":11,"column":5}},"5":{"start":{"line":10,"column":8},"end":{"line":10,"column":34}},"6":{"start":{"line":12,"column":31},"end":{"line":14,"column":5}},"7":{"start":{"line":13,"column":8},"end":{"line":13,"column":35}},"8":{"start":{"line":15,"column":28},"end":{"line":17,"column":5}},"9":{"start":{"line":16,"column":8},"end":{"line":16,"column":32}},"10":{"start":{"line":19,"column":20},"end":{"line":54,"column":5}},"11":{"start":{"line":20,"column":8},"end":{"line":20,"column":28}},"12":{"start":{"line":23,"column":30},"end":{"line":27,"column":9}},"13":{"start":{"line":28,"column":8},"end":{"line":46,"column":15}},"14":{"start":{"line":30,"column":16},"end":{"line":30,"column":50}},"15":{"start":{"line":32,"column":16},"end":{"line":32,"column":29}},"16":{"start":{"line":33,"column":16},"end":{"line":33,"column":30}},"17":{"start":{"line":34,"column":16},"end":{"line":34,"column":27}},"18":{"start":{"line":36,"column":16},"end":{"line":38,"column":19}},"19":{"start":{"line":41,"column":16},"end":{"line":41,"column":41}},"20":{"start":{"line":42,"column":16},"end":{"line":45,"column":19}},"21":{"start":{"line":48,"column":8},"end":{"line":53,"column":17}},"22":{"start":{"line":49,"column":12},"end":{"line":52,"column":15}},"23":{"start":{"line":56,"column":4},"end":{"line":91,"column":6}}},"fnMap":{"0":{"name":"(anonymous_0)","decl":{"start":{"line":4,"column":17},"end":{"line":4,"column":18}},"loc":{"start":{"line":4,"column":53},"end":{"line":92,"column":1}},"line":4},"1":{"name":"(anonymous_1)","decl":{"start":{"line":9,"column":30},"end":{"line":9,"column":31}},"loc":{"start":{"line":9,"column":38},"end":{"line":11,"column":5}},"line":9},"2":{"name":"(anonymous_2)","decl":{"start":{"line":12,"column":31},"end":{"line":12,"column":32}},"loc":{"start":{"line":12,"column":39},"end":{"line":14,"column":5}},"line":12},"3":{"name":"(anonymous_3)","decl":{"start":{"line":15,"column":28},"end":{"line":15,"column":29}},"loc":{"start":{"line":15,"column":36},"end":{"line":17,"column":5}},"line":15},"4":{"name":"(anonymous_4)","decl":{"start":{"line":19,"column":20},"end":{"line":19,"column":21}},"loc":{"start":{"line":19,"column":28},"end":{"line":54,"column":5}},"line":19},"5":{"name":"(anonymous_5)","decl":{"start":{"line":29,"column":18},"end":{"line":29,"column":19}},"loc":{"start":{"line":29,"column":33},"end":{"line":39,"column":13}},"line":29},"6":{"name":"(anonymous_6)","decl":{"start":{"line":40,"column":19},"end":{"line":40,"column":20}},"loc":{"start":{"line":40,"column":34},"end":{"line":46,"column":13}},"line":40},"7":{"name":"(anonymous_7)","decl":{"start":{"line":48,"column":19},"end":{"line":48,"column":20}},"loc":{"start":{"line":48,"column":25},"end":{"line":53,"column":9}},"line":48}},"branchMap":{},"s":{"0":0,"1":0,"2":0,"3":0,"4":0,"5":0,"6":0,"7":0,"8":0,"9":0,"10":0,"11":0,"12":0,"13":0,"14":0,"15":0,"16":0,"17":0,"18":0,"19":0,"20":0,"21":0,"22":0,"23":0},"f":{"0":0,"1":0,"2":0,"3":0,"4":0,"5":0,"6":0,"7":0},"b":{}}
,"/home/last/Coding/FullStackOpen/part5/bloglist-frontend/src/components/Blogs.jsx": {"path":"/home/last/Coding/FullStackOpen/part5/bloglist-frontend/src/components/Blogs.jsx","statementMap":{"0":{"start":{"line":4,"column":14},"end":{"line":54,"column":1}},"1":{"start":{"line":6,"column":4},"end":{"line":6,"column":52}},"2":{"start":{"line":6,"column":33},"end":{"line":6,"column":50}},"3":{"start":{"line":8,"column":23},"end":{"line":18,"column":5}},"4":{"start":{"line":9,"column":8},"end":{"line":17,"column":9}},"5":{"start":{"line":14,"column":12},"end":{"line":16,"column":15}},"6":{"start":{"line":15,"column":16},"end":{"line":15,"column":70}},"7":{"start":{"line":15,"column":45},"end":{"line":15,"column":67}},"8":{"start":{"line":20,"column":22},"end":{"line":26,"column":5}},"9":{"start":{"line":28,"column":20},"end":{"line":34,"column":5}},"10":{"start":{"line":29,"column":24},"end":{"line":29,"column":58}},"11":{"start":{"line":31,"column":8},"end":{"line":33,"column":11}},"12":{"start":{"line":32,"column":12},"end":{"line":32,"column":77}},"13":{"start":{"line":32,"column":39},"end":{"line":32,"column":73}},"14":{"start":{"line":36,"column":4},"end":{"line":53,"column":6}},"15":{"start":{"line":39,"column":16},"end":{"line":50,"column":22}},"16":{"start":{"line":45,"column":51},"end":{"line":45,"column":64}},"17":{"start":{"line":48,"column":47},"end":{"line":48,"column":63}}},"fnMap":{"0":{"name":"(anonymous_0)","decl":{"start":{"line":4,"column":14},"end":{"line":4,"column":15}},"loc":{"start":{"line":4,"column":39},"end":{"line":54,"column":1}},"line":4},"1":{"name":"(anonymous_1)","decl":{"start":{"line":6,"column":23},"end":{"line":6,"column":24}},"loc":{"start":{"line":6,"column":33},"end":{"line":6,"column":50}},"line":6},"2":{"name":"(anonymous_2)","decl":{"start":{"line":8,"column":23},"end":{"line":8,"column":24}},"loc":{"start":{"line":8,"column":39},"end":{"line":18,"column":5}},"line":8},"3":{"name":"(anonymous_3)","decl":{"start":{"line":14,"column":50},"end":{"line":14,"column":51}},"loc":{"start":{"line":14,"column":64},"end":{"line":16,"column":13}},"line":14},"4":{"name":"(anonymous_4)","decl":{"start":{"line":15,"column":38},"end":{"line":15,"column":39}},"loc":{"start":{"line":15,"column":45},"end":{"line":15,"column":67}},"line":15},"5":{"name":"(anonymous_5)","decl":{"start":{"line":28,"column":20},"end":{"line":28,"column":21}},"loc":{"start":{"line":28,"column":30},"end":{"line":34,"column":5}},"line":28},"6":{"name":"(anonymous_6)","decl":{"start":{"line":31,"column":50},"end":{"line":31,"column":51}},"loc":{"start":{"line":31,"column":67},"end":{"line":33,"column":9}},"line":31},"7":{"name":"(anonymous_7)","decl":{"start":{"line":32,"column":31},"end":{"line":32,"column":32}},"loc":{"start":{"line":32,"column":39},"end":{"line":32,"column":73}},"line":32},"8":{"name":"(anonymous_8)","decl":{"start":{"line":38,"column":23},"end":{"line":38,"column":24}},"loc":{"start":{"line":39,"column":16},"end":{"line":50,"column":22}},"line":39},"9":{"name":"(anonymous_9)","decl":{"start":{"line":45,"column":45},"end":{"line":45,"column":46}},"loc":{"start":{"line":45,"column":51},"end":{"line":45,"column":64}},"line":45},"10":{"name":"(anonymous_10)","decl":{"start":{"line":48,"column":41},"end":{"line":48,"column":42}},"loc":{"start":{"line":48,"column":47},"end":{"line":48,"column":63}},"line":48}},"branchMap":{"0":{"loc":{"start":{"line":9,"column":8},"end":{"line":17,"column":9}},"type":"if","locations":[{"start":{"line":9,"column":8},"end":{"line":17,"column":9}},{"start":{},"end":{}}],"line":9},"1":{"loc":{"start":{"line":32,"column":39},"end":{"line":32,"column":73}},"type":"cond-expr","locations":[{"start":{"line":32,"column":58},"end":{"line":32,"column":69}},{"start":{"line":32,"column":72},"end":{"line":32,"column":73}}],"line":32}},"s":{"0":1,"1":2,"2":0,"3":2,"4":0,"5":0,"6":0,"7":0,"8":2,"9":2,"10":0,"11":0,"12":0,"13":0,"14":2,"15":2,"16":0,"17":0},"f":{"0":2,"1":0,"2":0,"3":0,"4":0,"5":0,"6":0,"7":0,"8":2,"9":0,"10":0},"b":{"0":[0,0],"1":[0,0]},"_coverageSchema":"1a1c01bbd47fc00a2c39e90264f33305004495a9","hash":"69409d08e829b6d9a0ea0049f42bbbe2b6150f2c"}
,"/home/last/Coding/FullStackOpen/part5/bloglist-frontend/src/components/LoginForm.jsx": {"path":"/home/last/Coding/FullStackOpen/part5/bloglist-frontend/src/components/LoginForm.jsx","statementMap":{"0":{"start":{"line":6,"column":18},"end":{"line":72,"column":1}},"1":{"start":{"line":7,"column":36},"end":{"line":7,"column":48}},"2":{"start":{"line":8,"column":36},"end":{"line":8,"column":48}},"3":{"start":{"line":10,"column":24},"end":{"line":42,"column":5}},"4":{"start":{"line":11,"column":8},"end":{"line":11,"column":28}},"5":{"start":{"line":13,"column":8},"end":{"line":39,"column":9}},"6":{"start":{"line":15,"column":25},"end":{"line":15,"column":73}},"7":{"start":{"line":16,"column":12},"end":{"line":16,"column":26}},"8":{"start":{"line":18,"column":12},"end":{"line":21,"column":14}},"9":{"start":{"line":22,"column":12},"end":{"line":22,"column":45}},"10":{"start":{"line":25,"column":12},"end":{"line":25,"column":28}},"11":{"start":{"line":26,"column":12},"end":{"line":26,"column":28}},"12":{"start":{"line":28,"column":12},"end":{"line":28,"column":37}},"13":{"start":{"line":29,"column":12},"end":{"line":32,"column":15}},"14":{"start":{"line":33,"column":12},"end":{"line":38,"column":21}},"15":{"start":{"line":34,"column":16},"end":{"line":37,"column":19}},"16":{"start":{"line":41,"column":8},"end":{"line":41,"column":65}},"17":{"start":{"line":44,"column":4},"end":{"line":71,"column":6}},"18":{"start":{"line":54,"column":50},"end":{"line":54,"column":75}},"19":{"start":{"line":63,"column":50},"end":{"line":63,"column":75}}},"fnMap":{"0":{"name":"(anonymous_0)","decl":{"start":{"line":6,"column":18},"end":{"line":6,"column":19}},"loc":{"start":{"line":6,"column":46},"end":{"line":72,"column":1}},"line":6},"1":{"name":"(anonymous_1)","decl":{"start":{"line":10,"column":24},"end":{"line":10,"column":25}},"loc":{"start":{"line":10,"column":38},"end":{"line":42,"column":5}},"line":10},"2":{"name":"(anonymous_2)","decl":{"start":{"line":33,"column":23},"end":{"line":33,"column":24}},"loc":{"start":{"line":33,"column":29},"end":{"line":38,"column":13}},"line":33},"3":{"name":"(anonymous_3)","decl":{"start":{"line":54,"column":34},"end":{"line":54,"column":35}},"loc":{"start":{"line":54,"column":50},"end":{"line":54,"column":75}},"line":54},"4":{"name":"(anonymous_4)","decl":{"start":{"line":63,"column":34},"end":{"line":63,"column":35}},"loc":{"start":{"line":63,"column":50},"end":{"line":63,"column":75}},"line":63}},"branchMap":{},"s":{"0":0,"1":0,"2":0,"3":0,"4":0,"5":0,"6":0,"7":0,"8":0,"9":0,"10":0,"11":0,"12":0,"13":0,"14":0,"15":0,"16":0,"17":0,"18":0,"19":0},"f":{"0":0,"1":0,"2":0,"3":0,"4":0},"b":{}}
,"/home/last/Coding/FullStackOpen/part5/bloglist-frontend/src/components/Notification.jsx": {"path":"/home/last/Coding/FullStackOpen/part5/bloglist-frontend/src/components/Notification.jsx","statementMap":{"0":{"start":{"line":1,"column":21},"end":{"line":22,"column":1}},"1":{"start":{"line":2,"column":4},"end":{"line":4,"column":5}},"2":{"start":{"line":3,"column":8},"end":{"line":3,"column":20}},"3":{"start":{"line":6,"column":22},"end":{"line":13,"column":5}},"4":{"start":{"line":15,"column":4},"end":{"line":19,"column":5}},"5":{"start":{"line":16,"column":8},"end":{"line":16,"column":57}},"6":{"start":{"line":17,"column":11},"end":{"line":19,"column":5}},"7":{"start":{"line":18,"column":8},"end":{"line":18,"column":55}},"8":{"start":{"line":21,"column":4},"end":{"line":21,"column":55}}},"fnMap":{"0":{"name":"(anonymous_0)","decl":{"start":{"line":1,"column":21},"end":{"line":1,"column":22}},"loc":{"start":{"line":1,"column":37},"end":{"line":22,"column":1}},"line":1}},"branchMap":{"0":{"loc":{"start":{"line":2,"column":4},"end":{"line":4,"column":5}},"type":"if","locations":[{"start":{"line":2,"column":4},"end":{"line":4,"column":5}},{"start":{},"end":{}}],"line":2},"1":{"loc":{"start":{"line":15,"column":4},"end":{"line":19,"column":5}},"type":"if","locations":[{"start":{"line":15,"column":4},"end":{"line":19,"column":5}},{"start":{"line":17,"column":11},"end":{"line":19,"column":5}}],"line":15},"2":{"loc":{"start":{"line":17,"column":11},"end":{"line":19,"column":5}},"type":"if","locations":[{"start":{"line":17,"column":11},"end":{"line":19,"column":5}},{"start":{},"end":{}}],"line":17}},"s":{"0":0,"1":0,"2":0,"3":0,"4":0,"5":0,"6":0,"7":0,"8":0},"f":{"0":0},"b":{"0":[0,0],"1":[0,0],"2":[0,0]}}
,"/home/last/Coding/FullStackOpen/part5/bloglist-frontend/src/components/Togglable.jsx": {"path":"/home/last/Coding/FullStackOpen/part5/bloglist-frontend/src/components/Togglable.jsx","statementMap":{"0":{"start":{"line":4,"column":18},"end":{"line":29,"column":1}},"1":{"start":{"line":5,"column":34},"end":{"line":5,"column":49}},"2":{"start":{"line":7,"column":28},"end":{"line":7,"column":62}},"3":{"start":{"line":8,"column":28},"end":{"line":8,"column":62}},"4":{"start":{"line":10,"column":29},"end":{"line":12,"column":5}},"5":{"start":{"line":11,"column":8},"end":{"line":11,"column":29}},"6":{"start":{"line":14,"column":4},"end":{"line":28,"column":6}},"7":{"start":{"line":31,"column":0},"end":{"line":34,"column":2}}},"fnMap":{"0":{"name":"(anonymous_0)","decl":{"start":{"line":4,"column":18},"end":{"line":4,"column":19}},"loc":{"start":{"line":4,"column":29},"end":{"line":29,"column":1}},"line":4},"1":{"name":"(anonymous_1)","decl":{"start":{"line":10,"column":29},"end":{"line":10,"column":30}},"loc":{"start":{"line":10,"column":35},"end":{"line":12,"column":5}},"line":10}},"branchMap":{"0":{"loc":{"start":{"line":7,"column":39},"end":{"line":7,"column":60}},"type":"cond-expr","locations":[{"start":{"line":7,"column":49},"end":{"line":7,"column":55}},{"start":{"line":7,"column":58},"end":{"line":7,"column":60}}],"line":7},"1":{"loc":{"start":{"line":8,"column":39},"end":{"line":8,"column":60}},"type":"cond-expr","locations":[{"start":{"line":8,"column":49},"end":{"line":8,"column":51}},{"start":{"line":8,"column":54},"end":{"line":8,"column":60}}],"line":8}},"s":{"0":2,"1":6,"2":6,"3":6,"4":6,"5":1,"6":6,"7":2},"f":{"0":6,"1":1},"b":{"0":[1,5],"1":[1,5]},"_coverageSchema":"1a1c01bbd47fc00a2c39e90264f33305004495a9","hash":"476998b3391c8f57992849133d4bef93a76c6d23"}
,"/home/last/Coding/FullStackOpen/part5/bloglist-frontend/src/services/blogs.js": {"path":"/home/last/Coding/FullStackOpen/part5/bloglist-frontend/src/services/blogs.js","statementMap":{"0":{"start":{"line":3,"column":16},"end":{"line":3,"column":55}},"1":{"start":{"line":6,"column":12},"end":{"line":6,"column":16}},"2":{"start":{"line":8,"column":17},"end":{"line":10,"column":1}},"3":{"start":{"line":9,"column":4},"end":{"line":9,"column":33}},"4":{"start":{"line":12,"column":15},"end":{"line":17,"column":1}},"5":{"start":{"line":13,"column":20},"end":{"line":13,"column":38}},"6":{"start":{"line":15,"column":21},"end":{"line":15,"column":34}},"7":{"start":{"line":16,"column":4},"end":{"line":16,"column":25}},"8":{"start":{"line":19,"column":15},"end":{"line":26,"column":1}},"9":{"start":{"line":20,"column":19},"end":{"line":22,"column":5}},"10":{"start":{"line":24,"column":21},"end":{"line":24,"column":63}},"11":{"start":{"line":25,"column":4},"end":{"line":25,"column":25}},"12":{"start":{"line":28,"column":15},"end":{"line":32,"column":1}},"13":{"start":{"line":29,"column":20},"end":{"line":29,"column":58}},"14":{"start":{"line":30,"column":21},"end":{"line":30,"column":34}},"15":{"start":{"line":31,"column":4},"end":{"line":31,"column":25}},"16":{"start":{"line":34,"column":14},"end":{"line":41,"column":1}},"17":{"start":{"line":35,"column":19},"end":{"line":37,"column":5}},"18":{"start":{"line":39,"column":21},"end":{"line":39,"column":67}},"19":{"start":{"line":40,"column":4},"end":{"line":40,"column":25}}},"fnMap":{"0":{"name":"(anonymous_0)","decl":{"start":{"line":8,"column":17},"end":{"line":8,"column":18}},"loc":{"start":{"line":8,"column":31},"end":{"line":10,"column":1}},"line":8},"1":{"name":"(anonymous_1)","decl":{"start":{"line":12,"column":15},"end":{"line":12,"column":16}},"loc":{"start":{"line":12,"column":27},"end":{"line":17,"column":1}},"line":12},"2":{"name":"(anonymous_2)","decl":{"start":{"line":19,"column":15},"end":{"line":19,"column":16}},"loc":{"start":{"line":19,"column":34},"end":{"line":26,"column":1}},"line":19},"3":{"name":"(anonymous_3)","decl":{"start":{"line":28,"column":15},"end":{"line":28,"column":16}},"loc":{"start":{"line":28,"column":38},"end":{"line":32,"column":1}},"line":28},"4":{"name":"(anonymous_4)","decl":{"start":{"line":34,"column":14},"end":{"line":34,"column":15}},"loc":{"start":{"line":34,"column":28},"end":{"line":41,"column":1}},"line":34}},"branchMap":{},"s":{"0":1,"1":1,"2":1,"3":0,"4":1,"5":0,"6":0,"7":0,"8":1,"9":0,"10":0,"11":0,"12":1,"13":0,"14":0,"15":0,"16":1,"17":0,"18":0,"19":0},"f":{"0":0,"1":0,"2":0,"3":0,"4":0},"b":{},"_coverageSchema":"1a1c01bbd47fc00a2c39e90264f33305004495a9","hash":"1302b54b04ad9af17315f0ecedc071071d2a1ff6"}
,"/home/last/Coding/FullStackOpen/part5/bloglist-frontend/src/services/login.js": {"path":"/home/last/Coding/FullStackOpen/part5/bloglist-frontend/src/services/login.js","statementMap":{"0":{"start":{"line":3,"column":16},"end":{"line":3,"column":55}},"1":{"start":{"line":6,"column":14},"end":{"line":9,"column":1}},"2":{"start":{"line":7,"column":21},"end":{"line":7,"column":59}},"3":{"start":{"line":8,"column":4},"end":{"line":8,"column":25}}},"fnMap":{"0":{"name":"(anonymous_0)","decl":{"start":{"line":6,"column":14},"end":{"line":6,"column":15}},"loc":{"start":{"line":6,"column":37},"end":{"line":9,"column":1}},"line":6}},"branchMap":{},"s":{"0":0,"1":0,"2":0,"3":0},"f":{"0":0},"b":{}}
}
